This is TeX, Version 3.141592653 (TeX Live 2021) (preloaded format=tex 2021.4.19)  26 APR 2021 15:13
**tex/submission.tex
(./tex/submission.tex
! I can't find file `macros'.
l.15 \input{macros}
                   
(Press Enter to retry, or Control-D to exit)
Please type another input file name: 
! I can't find file `macros'.
l.15 \input{macros}
                   
(Press Enter to retry, or Control-D to exit)
Please type another input file name: 
! I can't find file `macros'.
l.15 \input{macros}
                   
(Press Enter to retry, or Control-D to exit)
Please type another input file name: 
! I can't find file `macros'.
l.15 \input{macros}
                   
(Press Enter to retry, or Control-D to exit)
Please type another input file name: 
! I can't find file `macros'.
l.15 \input{macros}
                   
(Press Enter to retry, or Control-D to exit)
Please type another input file name: 
! I can't find file `macros'.
l.15 \input{macros}
                   
(Press Enter to retry, or Control-D to exit)
Please type another input file name: 
! I can't find file `macros'.
l.15 \input{macros}
                   
(Press Enter to retry, or Control-D to exit)
Please type another input file name: 
! I can't find file `macros'.
l.15 \input{macros}
                   
(Press Enter to retry, or Control-D to exit)
Please type another input file name: 
! I can't find file `macros'.
l.15 \input{macros}
                   
(Press Enter to retry, or Control-D to exit)
Please type another input file name: 
! I can't find file `macros'.
l.15 \input{macros}
                   
(Press Enter to retry, or Control-D to exit)
Please type another input file name: 
! I can't find file `macros'.
l.15 \input{macros}
                   
(Press Enter to retry, or Control-D to exit)
Please type another input file name: 
! I can't find file `macros'.
l.15 \input{macros}
                   
(Press Enter to retry, or Control-D to exit)
Please type another input file name: 
! Emergency stop.
l.15 \input{macros}
                   
End of file on the terminal!

No pages of output.
